<?xml version="1.0" encoding="UTF-8"?>
<coverage generated="1717578987889" clover="3.2.0">
  <project timestamp="1717578987889" name="All files">
    <metrics statements="4" coveredstatements="2" conditionals="0" coveredconditionals="0" methods="3" coveredmethods="1" elements="7" coveredelements="3" complexity="0" loc="4" ncloc="4" packages="2" files="2" classes="2"/>
    <package name="greet">
      <metrics statements="2" coveredstatements="2" conditionals="0" coveredconditionals="0" methods="1" coveredmethods="1"/>
      <file name="Greet.tsx" path="/Users/pratyushbiswas/Documents/DATA/Work/ReactJS/testing/src/components/greet/Greet.tsx">
        <metrics statements="2" coveredstatements="2" conditionals="0" coveredconditionals="0" methods="1" coveredmethods="1"/>
        <line num="5" count="2" type="stmt"/>
        <line num="6" count="4" type="stmt"/>
      </file>
    </package>
    <package name="greet.application">
      <metrics statements="2" coveredstatements="0" conditionals="0" coveredconditionals="0" methods="2" coveredmethods="0"/>
      <file name="Application.tsx" path="/Users/pratyushbiswas/Documents/DATA/Work/ReactJS/testing/src/components/greet/application/Application.tsx">
        <metrics statements="2" coveredstatements="0" conditionals="0" coveredconditionals="0" methods="2" coveredmethods="0"/>
        <line num="1" count="0" type="stmt"/>
        <line num="2" count="0" type="stmt"/>
      </file>
    </package>
  </project>
</coverage>
