{"/Users/pratyushbiswas/Documents/DATA/Work/ReactJS/testing/src/components/greet/Greet.tsx": {"path":"/Users/pratyushbiswas/Documents/DATA/Work/ReactJS/testing/src/components/greet/Greet.tsx","statementMap":{"0":{"start":{"line":5,"column":14},"end":{"line":7,"column":1}},"1":{"start":{"line":6,"column":2},"end":{"line":6,"column":33}}},"fnMap":{"0":{"name":"(anonymous_0)","decl":{"start":{"line":5,"column":14},"end":{"line":5,"column":15}},"loc":{"start":{"line":5,"column":40},"end":{"line":7,"column":1}},"line":5}},"branchMap":{},"s":{"0":2,"1":4},"f":{"0":4},"b":{},"_coverageSchema":"1a1c01bbd47fc00a2c39e90264f33305004495a9","hash":"cce790291c6e54f417cafe6d2e096bc45b75c0c0"}
,"/Users/pratyushbiswas/Documents/DATA/Work/ReactJS/testing/src/components/greet/application/Application.tsx": {"path":"/Users/pratyushbiswas/Documents/DATA/Work/ReactJS/testing/src/components/greet/application/Application.tsx","statementMap":{"0":{"start":{"line":1,"column":27},"end":{"line":46,"column":1}},"1":{"start":{"line":2,"column":2},"end":{"line":45,"column":4}}},"fnMap":{"0":{"name":"(anonymous_0)","decl":{"start":{"line":1,"column":27},"end":{"line":1,"column":28}},"loc":{"start":{"line":1,"column":33},"end":{"line":46,"column":1}},"line":1},"1":{"name":"(anonymous_1)","decl":{"start":{"line":18,"column":22},"end":{"line":18,"column":23}},"loc":{"start":{"line":18,"column":28},"end":{"line":18,"column":30}},"line":18}},"branchMap":{},"s":{"0":0,"1":0},"f":{"0":0,"1":0},"b":{}}
}
